#
# There is insufficient memory for the Java Runtime Environment to continue.
# Native memory allocation (mmap) failed to map 266338304 bytes. Error detail: G1 virtual space
# Possible reasons:
#   The system is out of physical RAM or swap space
#   This process is running with CompressedOops enabled, and the Java Heap may be blocking the growth of the native heap
# Possible solutions:
#   Reduce memory load on the system
#   Increase physical memory or swap space
#   Check if swap backing store is full
#   Decrease Java heap size (-Xmx/-Xms)
#   Decrease number of Java threads
#   Decrease Java thread stack sizes (-Xss)
#   Set larger code cache with -XX:ReservedCodeCacheSize=
#   JVM is running with Zero Based Compressed Oops mode in which the Java heap is
#     placed in the first 32GB address space. The Java Heap base address is the
#     maximum limit for the native heap growth. Please use -XX:HeapBaseMinAddress
#     to set the Java Heap base and to place the Java Heap above 32GB virtual address.
# This output file may be truncated or incomplete.
#
#  Out of Memory Error (os_windows.cpp:3703), pid=5304, tid=6352
#
# JRE version:  (23.0.1+11) (build )
# Java VM: Java HotSpot(TM) 64-Bit Server VM (23.0.1+11-39, mixed mode, sharing, tiered, compressed oops, compressed class ptrs, g1 gc, windows-amd64)
# No core dump will be written. Minidumps are not enabled by default on client versions of Windows
#

---------------  S U M M A R Y ------------

Command Line: 

Host: Intel(R) Core(TM) i5-9300H CPU @ 2.40GHz, 8 cores, 15G,  Windows 11 , 64 bit Build 22621 (10.0.22621.4974)
Time: Tue Apr 22 12:56:49 2025 India Standard Time elapsed time: 0.010449 seconds (0d 0h 0m 0s)

---------------  T H R E A D  ---------------

Current thread (0x00000271ef77d430):  JavaThread "Unknown thread" [_thread_in_vm, id=6352, stack(0x000000d5c9100000,0x000000d5c9200000) (1024K)]

Stack: [0x000000d5c9100000,0x000000d5c9200000]
Native frames: (J=compiled Java code, j=interpreted, Vv=VM code, C=native code)
V  [jvm.dll+0x6e08b9]  (no source info available)
V  [jvm.dll+0x87dc83]  (no source info available)
V  [jvm.dll+0x88010e]  (no source info available)
V  [jvm.dll+0x8807e3]  (no source info available)
V  [jvm.dll+0x27aee6]  (no source info available)
V  [jvm.dll+0x6dd1c5]  (no source info available)
V  [jvm.dll+0x6d104a]  (no source info available)
V  [jvm.dll+0x35b3ea]  (no source info available)
V  [jvm.dll+0x3637f6]  (no source info available)
V  [jvm.dll+0x34fd5e]  (no source info available)
V  [jvm.dll+0x34fff8]  (no source info available)
V  [jvm.dll+0x3289cc]  (no source info available)
V  [jvm.dll+0x32966e]  (no source info available)
V  [jvm.dll+0x844355]  (no source info available)
V  [jvm.dll+0x3b9848]  (no source info available)
V  [jvm.dll+0x82d14c]  (no source info available)
V  [jvm.dll+0x454d4e]  (no source info available)
V  [jvm.dll+0x456bd1]  (no source info available)
C  [jli.dll+0x52a3]  (no source info available)
C  [ucrtbase.dll+0x29333]  (no source info available)
C  [KERNEL32.DLL+0x1259d]  (no source info available)
C  [ntdll.dll+0x5af38]  (no source info available)

Lock stack of current Java thread (top to bottom):


---------------  P R O C E S S  ---------------

Threads class SMR info:
_java_thread_list=0x00007ffeb8ab3618, length=0, elements={
}

Java Threads: ( => current thread )
Total: 0

Other Threads:
  0x00000271f1b95a50 WorkerThread "GC Thread#0"                     [id=9676, stack(0x000000d5c9200000,0x000000d5c9300000) (1024K)]
  0x00000271f1baa6a0 ConcurrentGCThread "G1 Main Marker"            [id=13792, stack(0x000000d5c9300000,0x000000d5c9400000) (1024K)]
  0x00000271f1bab270 WorkerThread "G1 Conc#0"                       [id=6116, stack(0x000000d5c9400000,0x000000d5c9500000) (1024K)]

[error occurred during error reporting (printing all threads), id 0xc0000005, EXCEPTION_ACCESS_VIOLATION (0xc0000005) at pc=0x00007ffeb81fbfba]
VM state: not at safepoint (not fully initialized)

VM Mutex/Monitor currently owned by a thread:  ([mutex/lock_event])
[0x00007ffeb8b33a10] Heap_lock - owner thread: 0x00000271ef77d430

Heap address: 0x0000000702600000, size: 4058 MB, Compressed Oops mode: Zero based, Oop shift amount: 3

CDS archive(s) mapped at: [0x0000000000000000-0x0000000000000000-0x0000000000000000), size 0, SharedBaseAddress: 0x0000000800000000, ArchiveRelocationMode: 1.
Narrow klass base: 0x0000000000000000, Narrow klass shift: 0, Narrow klass range: 0x0

GC Precious Log:
 CardTable entry size: 512
 Card Set container configuration: InlinePtr #cards 4 size 8 Array Of Cards #cards 16 size 48 Howl #buckets 8 coarsen threshold 3686 Howl Bitmap #cards 512 size 80 coarsen threshold 460 Card regions per heap region 1 cards per card region 4096

Heap:
 garbage-first heap   total reserved 4155392K, committed 0K, used 0K [0x0000000702600000, 0x0000000800000000)
  region size 2048K, 0 young (0K), 0 survivors (0K)

[error occurred during error reporting (printing heap information), id 0xc0000005, EXCEPTION_ACCESS_VIOLATION (0xc0000005) at pc=0x00007ffeb85fc3c9]
GC Heap History (0 events):
No events

Dll operation events (1 events):
Event: 0.007 Loaded shared library C:\Program Files\Java\jdk-23\bin\java.dll

Deoptimization events (0 events):
No events

Classes loaded (0 events):
No events

Classes unloaded (0 events):
No events

Classes redefined (0 events):
No events

Internal exceptions (0 events):
No events

VM Operations (0 events):
No events

Memory protections (0 events):
No events

Nmethod flushes (0 events):
No events

Events (0 events):
No events


Dynamic libraries:
0x00007ff66e3c0000 - 0x00007ff66e3d0000 	C:\Program Files\Java\jdk-23\bin\java.exe
0x00007fff1a8f0000 - 0x00007fff1ab07000 	C:\WINDOWS\SYSTEM32\ntdll.dll
0x00007fff19360000 - 0x00007fff19424000 	C:\WINDOWS\System32\KERNEL32.DLL
0x00007fff17b80000 - 0x00007fff17f51000 	C:\WINDOWS\System32\KERNELBASE.dll
0x00007fff17a30000 - 0x00007fff17b41000 	C:\WINDOWS\System32\ucrtbase.dll
0x00007fff06370000 - 0x00007fff06387000 	C:\Program Files\Java\jdk-23\bin\jli.dll
0x00007fff03f70000 - 0x00007fff03f8b000 	C:\Program Files\Java\jdk-23\bin\VCRUNTIME140.dll
0x00007fff18910000 - 0x00007fff18ac1000 	C:\WINDOWS\System32\USER32.dll
0x00007fff183b0000 - 0x00007fff183d6000 	C:\WINDOWS\System32\win32u.dll
0x00007fff07220000 - 0x00007fff074b2000 	C:\WINDOWS\WinSxS\amd64_microsoft.windows.common-controls_6595b64144ccf1df_6.0.22621.4830_none_270fe7d773858e80\COMCTL32.dll
0x00007fff18740000 - 0x00007fff18769000 	C:\WINDOWS\System32\GDI32.dll
0x00007fff1a800000 - 0x00007fff1a8a7000 	C:\WINDOWS\System32\msvcrt.dll
0x00007fff183e0000 - 0x00007fff184fb000 	C:\WINDOWS\System32\gdi32full.dll
0x00007fff18310000 - 0x00007fff183aa000 	C:\WINDOWS\System32\msvcp_win.dll
0x00007fff18e00000 - 0x00007fff18e31000 	C:\WINDOWS\System32\IMM32.DLL
0x00007fff10ff0000 - 0x00007fff10ffc000 	C:\Program Files\Java\jdk-23\bin\vcruntime140_1.dll
0x00007ffec65f0000 - 0x00007ffec667e000 	C:\Program Files\Java\jdk-23\bin\msvcp140.dll
0x00007ffeb7ec0000 - 0x00007ffeb8c0f000 	C:\Program Files\Java\jdk-23\bin\server\jvm.dll
0x00007fff19f40000 - 0x00007fff19ff1000 	C:\WINDOWS\System32\ADVAPI32.dll
0x00007fff185c0000 - 0x00007fff18667000 	C:\WINDOWS\System32\sechost.dll
0x00007fff17b50000 - 0x00007fff17b78000 	C:\WINDOWS\System32\bcrypt.dll
0x00007fff1a2d0000 - 0x00007fff1a3e4000 	C:\WINDOWS\System32\RPCRT4.dll
0x00007fff192c0000 - 0x00007fff19331000 	C:\WINDOWS\System32\WS2_32.dll
0x00007fff168a0000 - 0x00007fff168ed000 	C:\WINDOWS\SYSTEM32\POWRPROF.dll
0x00007fff07590000 - 0x00007fff075c4000 	C:\WINDOWS\SYSTEM32\WINMM.dll
0x00007fff12e80000 - 0x00007fff12e8a000 	C:\WINDOWS\SYSTEM32\VERSION.dll
0x00007fff16880000 - 0x00007fff16893000 	C:\WINDOWS\SYSTEM32\UMPDC.dll
0x00007fff16b30000 - 0x00007fff16b48000 	C:\WINDOWS\SYSTEM32\kernel.appcore.dll
0x00007fff10e30000 - 0x00007fff10e3a000 	C:\Program Files\Java\jdk-23\bin\jimage.dll
0x00007fff11d30000 - 0x00007fff11f62000 	C:\WINDOWS\SYSTEM32\DBGHELP.DLL
0x00007fff1a470000 - 0x00007fff1a800000 	C:\WINDOWS\System32\combase.dll
0x00007fff18790000 - 0x00007fff18867000 	C:\WINDOWS\System32\OLEAUT32.dll
0x00007fff11c10000 - 0x00007fff11c42000 	C:\WINDOWS\SYSTEM32\dbgcore.DLL
0x00007fff18120000 - 0x00007fff1819b000 	C:\WINDOWS\System32\bcryptPrimitives.dll
0x00007fff038d0000 - 0x00007fff038ee000 	C:\Program Files\Java\jdk-23\bin\java.dll
0x00007fff18b30000 - 0x00007fff18cd1000 	C:\WINDOWS\System32\ole32.dll
0x00007fff19430000 - 0x00007fff19cb8000 	C:\WINDOWS\System32\SHELL32.dll
0x00007fff17fe0000 - 0x00007fff1811f000 	C:\WINDOWS\System32\wintypes.dll

dbghelp: loaded successfully - version: 4.0.5 - missing functions: none
symbol engine: initialized successfully - sym options: 0x614 - pdb path: .;C:\Program Files\Java\jdk-23\bin;C:\WINDOWS\SYSTEM32;C:\WINDOWS\WinSxS\amd64_microsoft.windows.common-controls_6595b64144ccf1df_6.0.22621.4830_none_270fe7d773858e80;C:\Program Files\Java\jdk-23\bin\server

VM Arguments:
java_command: <unknown>
java_class_path (initial): <not set>
Launcher Type: SUN_STANDARD

[Global flags]
     intx CICompilerCount                          = 4                                         {product} {ergonomic}
     uint ConcGCThreads                            = 2                                         {product} {ergonomic}
     uint G1ConcRefinementThreads                  = 8                                         {product} {ergonomic}
   size_t G1HeapRegionSize                         = 2097152                                   {product} {ergonomic}
   size_t InitialHeapSize                          = 266338304                                 {product} {ergonomic}
   size_t MarkStackSize                            = 4194304                                   {product} {ergonomic}
   size_t MarkStackSizeMax                         = 536870912                                 {product} {ergonomic}
   size_t MaxHeapSize                              = 4255121408                                {product} {ergonomic}
   size_t MinHeapDeltaBytes                        = 2097152                                   {product} {ergonomic}
   size_t MinHeapSize                              = 8388608                                   {product} {ergonomic}
    uintx NonNMethodCodeHeapSize                   = 5832704                                {pd product} {ergonomic}
    uintx NonProfiledCodeHeapSize                  = 122945536                              {pd product} {ergonomic}
    uintx ProfiledCodeHeapSize                     = 122880000                              {pd product} {ergonomic}
    uintx ReservedCodeCacheSize                    = 251658240                              {pd product} {ergonomic}
     bool SegmentedCodeCache                       = true                                      {product} {ergonomic}
   size_t SoftMaxHeapSize                          = 4255121408                             {manageable} {ergonomic}
     bool UseCompressedOops                        = true                           {product lp64_product} {ergonomic}
     bool UseG1GC                                  = true                                      {product} {ergonomic}
     bool UseLargePagesIndividualAllocation        = false                                  {pd product} {ergonomic}

Logging:
Log output configuration:
 #0: stdout all=warning uptime,level,tags foldmultilines=false
 #1: stderr all=off uptime,level,tags foldmultilines=false

Environment Variables:
PATH=C:\Program Files\Common Files\Oracle\Java\javapath;C:\Users\msi\AppData\Local\Programs\Python\Python312\Scripts\;C:\Users\msi\AppData\Local\Programs\Python\Python312\;C:\WINDOWS\system32;C:\WINDOWS;C:\WINDOWS\System32\Wbem;C:\WINDOWS\System32\WindowsPowerShell\v1.0\;C:\WINDOWS\System32\OpenSSH\;C:\Program Files\Microsoft SQL Server\120\Tools\Binn\;C:\Program Files\MySQL\MySQL Server 8.0\bin;C:\Program Files\dotnet\;C:\ProgramData\chocolatey\bin;C:\MinGW\bin;C:\Program Files\Git\cmd;C:\Program Files\Java\jdk-23\bin;C:\Program Files\nodejs\;C:\Program Files\OpenSSL-Win64\bin;C:\Users\msi\AppData\Local\Programs\Python\Launcher\;C:\Users\msi\AppData\Local\Microsoft\WindowsApps;C:\Users\msi\AppData\Local\Programs\Microsoft VS Code\bin;C:\Users\msi\AppData\Local\Muse Hub\lib;C:\ProgramData\msi\GitHubDesktop\bin;C:\Program Files\nodejs\;C:\apktool;C:\Users\msi\AppData\Local\GitHubDesktop\bin;C:\Program Files\Java\;C:\MinGW\bin;C:\Program Files\Java\jdk-23\bin;C:\Users\msi\AppData\Roaming\npm;C:\Program Files\OpenSSL-Win64\bin;
USERNAME=msi
OS=Windows_NT
PROCESSOR_IDENTIFIER=Intel64 Family 6 Model 158 Stepping 13, GenuineIntel
TMP=C:\Users\msi\AppData\Local\Temp
TEMP=C:\Users\msi\AppData\Local\Temp




Periodic native trim disabled

---------------  S Y S T E M  ---------------

OS:
 Windows 11 , 64 bit Build 22621 (10.0.22621.4974)
OS uptime: 0 days 5:03 hours
Hyper-V role detected

CPU: total 8 (initial active 8) (4 cores per cpu, 2 threads per core) family 6 model 158 stepping 13 microcode 0xde, cx8, cmov, fxsr, ht, mmx, 3dnowpref, sse, sse2, sse3, ssse3, sse4.1, sse4.2, popcnt, lzcnt, tsc, tscinvbit, avx, avx2, aes, erms, clmul, bmi1, bmi2, adx, fma, vzeroupper, clflush, clflushopt, hv, rdtscp, f16c
Processor Information for the first 8 processors :
  Max Mhz: 2401, Current Mhz: 2400, Mhz Limit: 2376

Memory: 4k page, system-wide physical 16228M (1830M free)
TotalPageFile size 16228M (AvailPageFile size 98M)
current process WorkingSet (physical memory assigned to process): 12M, peak: 12M
current process commit charge ("private bytes"): 61M, peak: 314M

vm_info: Java HotSpot(TM) 64-Bit Server VM (23.0.1+11-39) for windows-amd64 JRE (23.0.1+11-39), built on 2024-09-30T07:20:43Z with MS VC++ 17.6 (VS2022)

END.
